1737938286583:add 5 10
1737938294841:greet test
1737938846237:film-ids
1737939280886:film 1224067
1737940420666:film-ids 2
1737940689379:film 1224067
1737941995770:film 6064901
1737942976722:films 0
1737943062726:films 1
1737943083817:film-ids 1
1737943186422:films 1
1737943261873:film -
1737943265481:film 0
1737943290290:cls
1737943293535:films 1
1737943397700:film-ids 1
1737989524919:films
1737989532192:films 1
1737989596841:films-ids 1
1737989602056:film-ids 1
1737989619094:films 1
1737990232750:films
1737990240314:films --page=1
1737990247970:films 1
1737992411173:film-ids 1
1737992438920:films 1
1738008674741:films-ids 1
1738008691868:film-ids
1738008715654:films 1
1738011977422:film-ids
1738011985970:film-ids 1
1738011995757:parser-film-ids
1738012015780:films 1
1738023780765:films
1738023787080:films 1
1738025078943:films
1738025081671:films 1
1738026336395:films-all-page
1738029639239:films 10
1738029815962:films-all-page
1738029865813:films 10
1738030304604:films 5
1738033542642:films 1
1738033853193:fifilms 5
1738033858538:films 1
1738034036090:films 5
1738034050617:films 1
1738062280842:films 5
1738062299384:films 1
1738062722928:ilms 1
1738062728634:films 1
1738063201454:films-all-page
1738063870624:films 5
1738305833574:films
1738305836732:films 1
1738305845806:films-all-page
1738305854899:films 10
1738305873320:films 1
1738306458948:films
1738306461938:films 1
